[19:47:33] [main/INFO]: Refreshing org.springframework.context.annotation.AnnotationConfigApplicationContext@3b6ddd1d: startup date [Sun Jun 17 19:47:33 CDT 2018]; root of context hierarchy
[19:47:33] [main/INFO]: Loaded JDBC driver: com.mysql.jdbc.Driver
[19:47:33] [main/INFO]: Building JPA container EntityManagerFactory for persistence unit 'default'
[19:47:33] [main/INFO]: HHH000204: Processing PersistenceUnitInfo [
	name: default
	...]
[19:47:33] [main/INFO]: HHH000412: Hibernate Core {5.3.1.Final}
[19:47:33] [main/INFO]: HHH000206: hibernate.properties not found
[19:47:33] [main/INFO]: HCANN000001: Hibernate Commons Annotations {5.0.3.Final}
[19:47:34] [main/INFO]: HHH000400: Using dialect: org.hibernate.dialect.SQLServerDialect
[19:47:34] [main/INFO]: Initialized JPA EntityManagerFactory for persistence unit 'default'
[19:47:36] [main/INFO]: [STDOUT]: Post construct permissions controller
[19:47:36] [main/INFO]: [STDOUT]: Context setup complete...Redspigot is now starting...
[19:47:36] [main/INFO]: [STDOUT]: Converter: false
[19:47:36] [Server thread/INFO]: Starting minecraft server version 1.12.2
[19:47:36] [Server thread/INFO]: Loading properties
[19:47:36] [Server thread/INFO]: Application context: C:\Users\Redmancometh\minecraft\BloomParent\Spigot\Spigot-Server
[19:47:36] [Server thread/INFO]: Default game type: SURVIVAL
[19:47:36] [Server thread/INFO]: PLAYERLIST INSTANTIATED
[19:47:36] [main/INFO]: INITIALIZING CONFIG: spring.json
[19:47:36] [main/INFO]: CLASS: class net.mcavenue.redspigot.configuration.pojo.SpringConfig
[19:47:36] [main/INFO]: 1
[19:47:36] [main/INFO]: 1
[19:47:36] [Server thread/INFO]: This server is running CraftBukkit version null (MC: 1.12.2) (Implementing API version Unknown-Version)
[19:47:36] [Server thread/INFO]: Debug logging is disabled
[19:47:36] [Server thread/INFO]: Server Ping Player Sample Count: 12
[19:47:36] [Server thread/INFO]: Using 4 threads for Netty based IO
[19:47:36] [Server thread/INFO]: Generating keypair
[19:47:36] [Server thread/INFO]: Starting Minecraft server on *:25565
[19:47:36] [Server thread/INFO]: Using default channel type
[19:47:36] [Server thread/INFO]: **** Beginning UUID conversion, this may take A LONG time ****
[19:47:36] [Server thread/INFO]: Preparing level "world"
[19:47:36] [Server thread/INFO]: -------- World Settings For [world] --------
[19:47:36] [Server thread/INFO]: View Distance: 10
[19:47:36] [Server thread/INFO]: Experience Merge Radius: 3.0
[19:47:36] [Server thread/INFO]: Nerfing mobs spawned from spawners: false
[19:47:36] [Server thread/INFO]: Custom Map Seeds:  Village: 10387312 Feature: 14357617 Monument: 10387313 Slime: 987234911
[19:47:36] [Server thread/INFO]: Cactus Growth Modifier: 100%
[19:47:36] [Server thread/INFO]: Cane Growth Modifier: 100%
[19:47:36] [Server thread/INFO]: Melon Growth Modifier: 100%
[19:47:36] [Server thread/INFO]: Mushroom Growth Modifier: 100%
[19:47:36] [Server thread/INFO]: Pumpkin Growth Modifier: 100%
[19:47:36] [Server thread/INFO]: Sapling Growth Modifier: 100%
[19:47:36] [Server thread/INFO]: Wheat Growth Modifier: 100%
[19:47:36] [Server thread/INFO]: NetherWart Growth Modifier: 100%
[19:47:36] [Server thread/INFO]: Vine Growth Modifier: 100%
[19:47:36] [Server thread/INFO]: Cocoa Growth Modifier: 100%
[19:47:36] [Server thread/INFO]: Entity Activation Range: An 32 / Mo 32 / Mi 16 / Tiv true
[19:47:36] [Server thread/INFO]: Entity Tracking Range: Pl 48 / An 48 / Mo 48 / Mi 32 / Other 64
[19:47:36] [Server thread/INFO]: Mob Spawn Range: 4
[19:47:36] [Server thread/INFO]: Hopper Transfer: 8 Hopper Check: 1 Hopper Amount: 1
[19:47:36] [Server thread/INFO]: Random Lighting Updates: false
[19:47:36] [Server thread/INFO]: Structure Info Saving: true
[19:47:36] [Server thread/INFO]: Max TNT Explosions: 100
[19:47:36] [Server thread/INFO]: Tile Max Tick Time: 50ms Entity max Tick Time: 50ms
[19:47:36] [Server thread/INFO]: Allow Zombie Pigmen to spawn from portal blocks: true
[19:47:36] [Server thread/INFO]: Zombie Aggressive Towards Villager: true
[19:47:36] [Server thread/INFO]: Arrow Despawn Rate: 1200
[19:47:36] [Server thread/INFO]: Item Merge Radius: 2.5
[19:47:36] [Server thread/INFO]: Item Despawn Rate: 6000
[19:47:37] [Server thread/INFO]: -------- World Settings For [world_nether] --------
[19:47:37] [Server thread/INFO]: View Distance: 10
[19:47:37] [Server thread/INFO]: Experience Merge Radius: 3.0
[19:47:37] [Server thread/INFO]: Nerfing mobs spawned from spawners: false
[19:47:37] [Server thread/INFO]: Custom Map Seeds:  Village: 10387312 Feature: 14357617 Monument: 10387313 Slime: 987234911
[19:47:37] [Server thread/INFO]: Cactus Growth Modifier: 100%
[19:47:37] [Server thread/INFO]: Cane Growth Modifier: 100%
[19:47:37] [Server thread/INFO]: Melon Growth Modifier: 100%
[19:47:37] [Server thread/INFO]: Mushroom Growth Modifier: 100%
[19:47:37] [Server thread/INFO]: Pumpkin Growth Modifier: 100%
[19:47:37] [Server thread/INFO]: Sapling Growth Modifier: 100%
[19:47:37] [Server thread/INFO]: Wheat Growth Modifier: 100%
[19:47:37] [Server thread/INFO]: NetherWart Growth Modifier: 100%
[19:47:37] [Server thread/INFO]: Vine Growth Modifier: 100%
[19:47:37] [Server thread/INFO]: Cocoa Growth Modifier: 100%
[19:47:37] [Server thread/INFO]: Entity Activation Range: An 32 / Mo 32 / Mi 16 / Tiv true
[19:47:37] [Server thread/INFO]: Entity Tracking Range: Pl 48 / An 48 / Mo 48 / Mi 32 / Other 64
[19:47:37] [Server thread/INFO]: Mob Spawn Range: 4
[19:47:37] [Server thread/INFO]: Hopper Transfer: 8 Hopper Check: 1 Hopper Amount: 1
[19:47:37] [Server thread/INFO]: Random Lighting Updates: false
[19:47:37] [Server thread/INFO]: Structure Info Saving: true
[19:47:37] [Server thread/INFO]: Max TNT Explosions: 100
[19:47:37] [Server thread/INFO]: Tile Max Tick Time: 50ms Entity max Tick Time: 50ms
[19:47:37] [Server thread/INFO]: Allow Zombie Pigmen to spawn from portal blocks: true
[19:47:37] [Server thread/INFO]: Zombie Aggressive Towards Villager: true
[19:47:37] [Server thread/INFO]: Arrow Despawn Rate: 1200
[19:47:37] [Server thread/INFO]: Item Merge Radius: 2.5
[19:47:37] [Server thread/INFO]: Item Despawn Rate: 6000
[19:47:37] [Server thread/INFO]: -------- World Settings For [world_the_end] --------
[19:47:37] [Server thread/INFO]: View Distance: 10
[19:47:37] [Server thread/INFO]: Experience Merge Radius: 3.0
[19:47:37] [Server thread/INFO]: Nerfing mobs spawned from spawners: false
[19:47:37] [Server thread/INFO]: Custom Map Seeds:  Village: 10387312 Feature: 14357617 Monument: 10387313 Slime: 987234911
[19:47:37] [Server thread/INFO]: Cactus Growth Modifier: 100%
[19:47:37] [Server thread/INFO]: Cane Growth Modifier: 100%
[19:47:37] [Server thread/INFO]: Melon Growth Modifier: 100%
[19:47:37] [Server thread/INFO]: Mushroom Growth Modifier: 100%
[19:47:37] [Server thread/INFO]: Pumpkin Growth Modifier: 100%
[19:47:37] [Server thread/INFO]: Sapling Growth Modifier: 100%
[19:47:37] [Server thread/INFO]: Wheat Growth Modifier: 100%
[19:47:37] [Server thread/INFO]: NetherWart Growth Modifier: 100%
[19:47:37] [Server thread/INFO]: Vine Growth Modifier: 100%
[19:47:37] [Server thread/INFO]: Cocoa Growth Modifier: 100%
[19:47:37] [Server thread/INFO]: Entity Activation Range: An 32 / Mo 32 / Mi 16 / Tiv true
[19:47:37] [Server thread/INFO]: Entity Tracking Range: Pl 48 / An 48 / Mo 48 / Mi 32 / Other 64
[19:47:37] [Server thread/INFO]: Mob Spawn Range: 4
[19:47:37] [Server thread/INFO]: Hopper Transfer: 8 Hopper Check: 1 Hopper Amount: 1
[19:47:37] [Server thread/INFO]: Random Lighting Updates: false
[19:47:37] [Server thread/INFO]: Structure Info Saving: true
[19:47:37] [Server thread/INFO]: Max TNT Explosions: 100
[19:47:37] [Server thread/INFO]: Tile Max Tick Time: 50ms Entity max Tick Time: 50ms
[19:47:37] [Server thread/INFO]: Allow Zombie Pigmen to spawn from portal blocks: true
[19:47:37] [Server thread/INFO]: Zombie Aggressive Towards Villager: true
[19:47:37] [Server thread/INFO]: Arrow Despawn Rate: 1200
[19:47:37] [Server thread/INFO]: Item Merge Radius: 2.5
[19:47:37] [Server thread/INFO]: Item Despawn Rate: 6000
[19:47:37] [Server thread/INFO]: Preparing start region for level 0 (Seed: 6798676197357855542)
[19:47:38] [Server thread/INFO]: Preparing spawn area: 93%
[19:47:38] [Server thread/INFO]: Preparing start region for level 1 (Seed: 6798676197357855542)
[19:47:38] [Server thread/INFO]: Preparing start region for level 2 (Seed: 6798676197357855542)
[19:47:39] [Server thread/INFO]: Server permissions file permissions.yml is empty, ignoring it
[19:47:39] [Server thread/INFO]: Done (2.362s)! For help, type "help" or "?"
[19:48:43] [User Authenticator #1/INFO]: UUID of player Redmancometh is c060be9e-43b6-4deb-884d-6fab2e11682b
[19:48:43] [Server thread/INFO]: Redmancometh[/127.0.0.1:61841] logged in with entity id 94 at ([world]178.5, 64.0, 334.5)
