[06:43:58] [main/INFO]: Refreshing org.springframework.context.annotation.AnnotationConfigApplicationContext@3f6b0be5: startup date [Wed Jun 20 06:43:58 CDT 2018]; root of context hierarchy
[06:43:59] [main/INFO]: Loaded JDBC driver: com.mysql.jdbc.Driver
[06:43:59] [main/INFO]: Building JPA container EntityManagerFactory for persistence unit 'default'
[06:43:59] [main/INFO]: HHH000204: Processing PersistenceUnitInfo [
	name: default
	...]
[06:43:59] [main/INFO]: HHH000412: Hibernate Core {5.3.1.Final}
[06:43:59] [main/INFO]: HHH000206: hibernate.properties not found
[06:43:59] [main/INFO]: HCANN000001: Hibernate Commons Annotations {5.0.3.Final}
[06:43:59] [main/INFO]: HHH000400: Using dialect: org.hibernate.dialect.SQLServerDialect
[06:44:00] [main/INFO]: Initialized JPA EntityManagerFactory for persistence unit 'default'
[06:44:01] [main/INFO]: [STDOUT]: HB FILE: C:\Users\Redmancometh\minecraft\BloomParent\Spigot\Spigot-Server\db\permissions\hibernate.cfg.xml
[06:44:01] [main/WARN]: HHH90000012: Recognized obsolete hibernate namespace http://hibernate.sourceforge.net/hibernate-configuration. Use namespace http://www.hibernate.org/dtd/hibernate-configuration instead.  Support for obsolete DTD/XSD namespaces may be removed at any time.
[06:44:01] [main/INFO]: HHH000130: Instantiating explicit connection provider: com.zaxxer.hikari.hibernate.HikariConnectionProvider
[06:44:01] [main/INFO]: HHH000400: Using dialect: org.hibernate.dialect.MySQL55Dialect
[06:44:01] [main/INFO]: HHH000476: Executing import script 'org.hibernate.tool.schema.internal.exec.ScriptSourceInputNonExistentImpl@4070c4ff'
[06:44:01] [main/INFO]: [STDOUT]: GETTING PLAYER
[06:44:02] [main/INFO]: [STDOUT]: RESULT IS NULL
[06:44:02] [pool-3-thread-1/INFO]: [STDOUT]: RESULT IS NULL
[06:44:02] [main/INFO]: [STDOUT]: RP RECORD
[06:44:02] [main/INFO]: [STDOUT]: INIT CS
[06:44:02] [main/INFO]: [STDOUT]: INIT NMS
[06:44:02] [main/INFO]: Application context: C:\Users\Redmancometh\minecraft\BloomParent\Spigot\Spigot-Server
[06:44:02] [main/INFO]: Not R
[06:44:02] [main/INFO]: End of not R
[06:44:02] [main/INFO]: Line 118
[06:44:02] [main/INFO]: TEST
[06:44:02] [main/INFO]: Server Ping Player Sample Count: 12
[06:44:02] [main/INFO]: MCS: false
[06:44:02] [main/INFO]: MCSS: false
[06:44:02] [main/INFO]: MCS: false
[06:44:02] [main/INFO]: MCSS: false
[06:44:02] [main/INFO]: MCS: false
[06:44:02] [main/INFO]: MCSS: false
[06:44:02] [main/INFO]: Line 162
[06:44:02] [main/INFO]: About to call an() a
[06:44:02] [main/INFO]: Using default channel type
[06:44:02] [main/INFO]: Finished an.a
[06:44:02] [main/INFO]: Plist: false
[06:44:02] [main/INFO]: Plist: false
[06:44:02] [main/INFO]: Plist: false
[06:44:02] [main/INFO]: Preparing start region for level 0 (Seed: 6798676197357855542)
[06:44:03] [main/INFO]: Preparing start region for level 1 (Seed: 6798676197357855542)
[06:44:04] [main/INFO]: Preparing start region for level 2 (Seed: 6798676197357855542)
[06:44:04] [main/WARN]: Exception encountered during context initialization - cancelling refresh attempt: org.springframework.beans.factory.BeanCreationException: Error creating bean with name 'serverController': Invocation of init method failed; nested exception is java.util.regex.PatternSyntaxException: Illegal repetition
{}
