[20:16:54] [main/INFO]: Refreshing org.springframework.context.annotation.AnnotationConfigApplicationContext@6283d8b8: startup date [Sun Jun 17 20:16:54 CDT 2018]; root of context hierarchy
[20:16:55] [main/INFO]: Loaded JDBC driver: com.mysql.jdbc.Driver
[20:16:55] [main/INFO]: Building JPA container EntityManagerFactory for persistence unit 'default'
[20:16:55] [main/INFO]: HHH000204: Processing PersistenceUnitInfo [
	name: default
	...]
[20:16:55] [main/INFO]: HHH000412: Hibernate Core {5.3.1.Final}
[20:16:55] [main/INFO]: HHH000206: hibernate.properties not found
[20:16:55] [main/INFO]: HCANN000001: Hibernate Commons Annotations {5.0.3.Final}
[20:16:56] [main/INFO]: HHH000400: Using dialect: org.hibernate.dialect.SQLServerDialect
[20:16:56] [main/INFO]: Initialized JPA EntityManagerFactory for persistence unit 'default'
[20:16:58] [main/INFO]: [STDOUT]: Post construct permissions controller
[20:16:58] [main/WARN]: Autowired annotation should only be used on methods with parameters: public void net.mcavenue.redspigot.controllers.ServerController.start()
[20:16:58] [main/WARN]: Exception encountered during context initialization - cancelling refresh attempt: org.springframework.beans.factory.UnsatisfiedDependencyException: Error creating bean with name 'serverController': Unsatisfied dependency expressed through field 'playerlist'; nested exception is org.springframework.beans.factory.NoSuchBeanDefinitionException: No qualifying bean of type 'net.minecraft.server.PlayerList' available: expected at least 1 bean which qualifies as autowire candidate. Dependency annotations: {@org.springframework.beans.factory.annotation.Autowired(required=true)}
[20:16:58] [main/INFO]: Closing JPA EntityManagerFactory for persistence unit 'default'
[20:16:58] [main/INFO]: [STDERR]: org.springframework.beans.factory.UnsatisfiedDependencyException: Error creating bean with name 'serverController': Unsatisfied dependency expressed through field 'playerlist'; nested exception is org.springframework.beans.factory.NoSuchBeanDefinitionException: No qualifying bean of type 'net.minecraft.server.PlayerList' available: expected at least 1 bean which qualifies as autowire candidate. Dependency annotations: {@org.springframework.beans.factory.annotation.Autowired(required=true)}
[20:16:58] [main/INFO]: [STDERR]: 	at org.springframework.beans.factory.annotation.AutowiredAnnotationBeanPostProcessor$AutowiredFieldElement.inject(AutowiredAnnotationBeanPostProcessor.java:587)
[20:16:58] [main/INFO]: [STDERR]: 	at org.springframework.beans.factory.annotation.InjectionMetadata.inject(InjectionMetadata.java:91)
[20:16:58] [main/INFO]: [STDERR]: 	at org.springframework.beans.factory.annotation.AutowiredAnnotationBeanPostProcessor.postProcessPropertyValues(AutowiredAnnotationBeanPostProcessor.java:373)
[20:16:58] [main/INFO]: [STDERR]: 	at org.springframework.beans.factory.support.AbstractAutowireCapableBeanFactory.populateBean(AbstractAutowireCapableBeanFactory.java:1348)
[20:16:58] [main/INFO]: [STDERR]: 	at org.springframework.beans.factory.support.AbstractAutowireCapableBeanFactory.doCreateBean(AbstractAutowireCapableBeanFactory.java:578)
[20:16:58] [main/INFO]: [STDERR]: 	at org.springframework.beans.factory.support.AbstractAutowireCapableBeanFactory.createBean(AbstractAutowireCapableBeanFactory.java:501)
[20:16:58] [main/INFO]: [STDERR]: 	at org.springframework.beans.factory.support.AbstractBeanFactory.lambda$doGetBean$0(AbstractBeanFactory.java:317)
[20:16:58] [main/INFO]: [STDERR]: 	at org.springframework.beans.factory.support.DefaultSingletonBeanRegistry.getSingleton(DefaultSingletonBeanRegistry.java:228)
[20:16:58] [main/INFO]: [STDERR]: 	at org.springframework.beans.factory.support.AbstractBeanFactory.doGetBean(AbstractBeanFactory.java:315)
[20:16:58] [main/INFO]: [STDERR]: 	at org.springframework.beans.factory.support.AbstractBeanFactory.getBean(AbstractBeanFactory.java:199)
[20:16:58] [main/INFO]: [STDERR]: 	at org.springframework.beans.factory.support.DefaultListableBeanFactory.preInstantiateSingletons(DefaultListableBeanFactory.java:760)
[20:16:58] [main/INFO]: [STDERR]: 	at org.springframework.context.support.AbstractApplicationContext.finishBeanFactoryInitialization(AbstractApplicationContext.java:869)
[20:16:58] [main/INFO]: [STDERR]: 	at org.springframework.context.support.AbstractApplicationContext.refresh(AbstractApplicationContext.java:550)
[20:16:58] [main/INFO]: [STDERR]: 	at org.springframework.context.annotation.AnnotationConfigApplicationContext.<init>(AnnotationConfigApplicationContext.java:88)
[20:16:58] [main/INFO]: [STDERR]: 	at net.mcavenue.redspigot.RedSpigot.main(RedSpigot.java:18)
[20:16:58] [main/INFO]: [STDERR]: Caused by: org.springframework.beans.factory.NoSuchBeanDefinitionException: No qualifying bean of type 'net.minecraft.server.PlayerList' available: expected at least 1 bean which qualifies as autowire candidate. Dependency annotations: {@org.springframework.beans.factory.annotation.Autowired(required=true)}
[20:16:58] [main/INFO]: [STDERR]: 	at org.springframework.beans.factory.support.DefaultListableBeanFactory.raiseNoMatchingBeanFound(DefaultListableBeanFactory.java:1509)
[20:16:58] [main/INFO]: [STDERR]: 	at org.springframework.beans.factory.support.DefaultListableBeanFactory.doResolveDependency(DefaultListableBeanFactory.java:1104)
[20:16:58] [main/INFO]: [STDERR]: 	at org.springframework.beans.factory.support.DefaultListableBeanFactory.resolveDependency(DefaultListableBeanFactory.java:1065)
[20:16:58] [main/INFO]: [STDERR]: 	at org.springframework.beans.factory.annotation.AutowiredAnnotationBeanPostProcessor$AutowiredFieldElement.inject(AutowiredAnnotationBeanPostProcessor.java:584)
[20:16:58] [main/INFO]: [STDERR]: 	... 14 more
[20:16:58] [Thread-2/INFO]: Stopping server
