[19:49:54] [main/INFO]: Refreshing org.springframework.context.annotation.AnnotationConfigApplicationContext@6283d8b8: startup date [Sun Jun 17 19:49:54 CDT 2018]; root of context hierarchy
[19:49:54] [main/INFO]: Loaded JDBC driver: com.mysql.jdbc.Driver
[19:49:54] [main/INFO]: Building JPA container EntityManagerFactory for persistence unit 'default'
[19:49:54] [main/INFO]: HHH000204: Processing PersistenceUnitInfo [
	name: default
	...]
[19:49:54] [main/INFO]: HHH000412: Hibernate Core {5.3.1.Final}
[19:49:54] [main/INFO]: HHH000206: hibernate.properties not found
[19:49:54] [main/INFO]: HCANN000001: Hibernate Commons Annotations {5.0.3.Final}
[19:49:55] [main/INFO]: HHH000400: Using dialect: org.hibernate.dialect.SQLServerDialect
[19:49:57] [main/INFO]: Initialized JPA EntityManagerFactory for persistence unit 'default'
[19:49:59] [main/INFO]: [STDOUT]: Post construct permissions controller
[19:49:59] [main/INFO]: [STDOUT]: Context setup complete...Redspigot is now starting...
[19:49:59] [main/INFO]: [STDOUT]: Converter: false
[19:49:59] [Server thread/INFO]: Starting minecraft server version 1.12.2
[19:49:59] [Server thread/INFO]: Loading properties
[19:49:59] [Server thread/INFO]: Application context: C:\Users\Redmancometh\minecraft\BloomParent\Spigot\Spigot-Server
[19:49:59] [Server thread/INFO]: Default game type: SURVIVAL
[19:49:59] [main/INFO]: INITIALIZING CONFIG: spring.json
[19:49:59] [main/INFO]: CLASS: class net.mcavenue.redspigot.configuration.pojo.SpringConfig
[19:49:59] [main/INFO]: 1
[19:49:59] [main/INFO]: 1
[19:49:59] [Server thread/ERROR]: Encountered an unexpected exception
java.lang.NullPointerException: null
	at org.bukkit.Bukkit.getLogger(Bukkit.java:543) ~[classes/:?]
	at org.spigotmc.SpigotConfig.debug(SpigotConfig.java:387) ~[classes/:?]
	at sun.reflect.NativeMethodAccessorImpl.invoke0(Native Method) ~[?:1.8.0_171]
	at sun.reflect.NativeMethodAccessorImpl.invoke(NativeMethodAccessorImpl.java:62) ~[?:1.8.0_171]
	at sun.reflect.DelegatingMethodAccessorImpl.invoke(DelegatingMethodAccessorImpl.java:43) ~[?:1.8.0_171]
	at java.lang.reflect.Method.invoke(Method.java:498) ~[?:1.8.0_171]
	at org.spigotmc.SpigotConfig.readConfig(SpigotConfig.java:110) ~[classes/:?]
	at org.spigotmc.SpigotConfig.init(SpigotConfig.java:76) ~[classes/:?]
	at net.minecraft.server.DedicatedServer.init(DedicatedServer.java:157) ~[classes/:?]
	at net.minecraft.server.MinecraftServer.run(MinecraftServer.java:548) [classes/:?]
	at java.lang.Thread.run(Thread.java:748) [?:1.8.0_171]
[19:49:59] [Server thread/ERROR]: This crash report has been saved to: C:\Users\Redmancometh\minecraft\BloomParent\Spigot\Spigot-Server\.\crash-reports\crash-2018-06-17_19.49.59-server.txt
[19:49:59] [Server thread/INFO]: Stopping server
