[00:46:31] [main/INFO]: Refreshing org.springframework.context.annotation.AnnotationConfigApplicationContext@611889f4: startup date [Tue Jun 19 00:46:31 CDT 2018]; root of context hierarchy
[00:46:31] [main/INFO]: Loaded JDBC driver: com.mysql.jdbc.Driver
[00:46:31] [main/INFO]: Building JPA container EntityManagerFactory for persistence unit 'default'
[00:46:31] [main/INFO]: HHH000204: Processing PersistenceUnitInfo [
	name: default
	...]
[00:46:32] [main/INFO]: HHH000412: Hibernate Core {5.3.1.Final}
[00:46:32] [main/INFO]: HHH000206: hibernate.properties not found
[00:46:32] [main/INFO]: HCANN000001: Hibernate Commons Annotations {5.0.3.Final}
[00:46:32] [main/INFO]: HHH000400: Using dialect: org.hibernate.dialect.SQLServerDialect
[00:46:33] [main/INFO]: Initialized JPA EntityManagerFactory for persistence unit 'default'
[00:46:34] [main/INFO]: [STDOUT]: HB FILE: C:\Users\Redmancometh\minecraft\BloomParent\Spigot\Spigot-Server\db\permissions\hibernate.cfg.xml
[00:46:34] [main/WARN]: HHH90000012: Recognized obsolete hibernate namespace http://hibernate.sourceforge.net/hibernate-configuration. Use namespace http://www.hibernate.org/dtd/hibernate-configuration instead.  Support for obsolete DTD/XSD namespaces may be removed at any time.
[00:46:34] [main/INFO]: HHH000130: Instantiating explicit connection provider: com.zaxxer.hikari.hibernate.HikariConnectionProvider
[00:46:34] [main/INFO]: HHH000400: Using dialect: org.hibernate.dialect.MySQL55Dialect
[00:46:34] [main/INFO]: HHH000476: Executing import script 'org.hibernate.tool.schema.internal.exec.ScriptSourceInputNonExistentImpl@15c1b543'
[00:46:34] [main/INFO]: [STDOUT]: INIT CS
[00:46:34] [main/INFO]: [STDOUT]: INIT NMS
[00:46:34] [main/WARN]: java.lang.Throwable
[00:46:34] [main/WARN]: 	at net.minecraft.server.DedicatedServer.init(DedicatedServer.java:103)
[00:46:34] [main/WARN]: 	at net.mcavenue.redspigot.controllers.ServerController.start(ServerController.java:37)
[00:46:34] [main/WARN]: 	at sun.reflect.NativeMethodAccessorImpl.invoke0(Native Method)
[00:46:34] [main/WARN]: 	at sun.reflect.NativeMethodAccessorImpl.invoke(NativeMethodAccessorImpl.java:62)
[00:46:34] [main/WARN]: 	at sun.reflect.DelegatingMethodAccessorImpl.invoke(DelegatingMethodAccessorImpl.java:43)
[00:46:34] [main/WARN]: 	at java.lang.reflect.Method.invoke(Method.java:498)
[00:46:34] [main/WARN]: 	at org.springframework.beans.factory.annotation.InitDestroyAnnotationBeanPostProcessor$LifecycleElement.invoke(InitDestroyAnnotationBeanPostProcessor.java:365)
[00:46:34] [main/WARN]: 	at org.springframework.beans.factory.annotation.InitDestroyAnnotationBeanPostProcessor$LifecycleMetadata.invokeInitMethods(InitDestroyAnnotationBeanPostProcessor.java:308)
[00:46:34] [main/WARN]: 	at org.springframework.beans.factory.annotation.InitDestroyAnnotationBeanPostProcessor.postProcessBeforeInitialization(InitDestroyAnnotationBeanPostProcessor.java:135)
[00:46:34] [main/WARN]: 	at org.springframework.beans.factory.support.AbstractAutowireCapableBeanFactory.applyBeanPostProcessorsBeforeInitialization(AbstractAutowireCapableBeanFactory.java:422)
[00:46:34] [main/WARN]: 	at org.springframework.beans.factory.support.AbstractAutowireCapableBeanFactory.initializeBean(AbstractAutowireCapableBeanFactory.java:1698)
[00:46:34] [main/WARN]: 	at org.springframework.beans.factory.support.AbstractAutowireCapableBeanFactory.doCreateBean(AbstractAutowireCapableBeanFactory.java:579)
[00:46:34] [main/WARN]: 	at org.springframework.beans.factory.support.AbstractAutowireCapableBeanFactory.createBean(AbstractAutowireCapableBeanFactory.java:501)
[00:46:34] [main/WARN]: 	at org.springframework.beans.factory.support.AbstractBeanFactory.lambda$doGetBean$0(AbstractBeanFactory.java:317)
[00:46:34] [main/WARN]: 	at org.springframework.beans.factory.support.DefaultSingletonBeanRegistry.getSingleton(DefaultSingletonBeanRegistry.java:228)
[00:46:34] [main/WARN]: 	at org.springframework.beans.factory.support.AbstractBeanFactory.doGetBean(AbstractBeanFactory.java:315)
[00:46:34] [main/WARN]: 	at org.springframework.beans.factory.support.AbstractBeanFactory.getBean(AbstractBeanFactory.java:199)
[00:46:34] [main/WARN]: 	at org.springframework.beans.factory.support.DefaultListableBeanFactory.preInstantiateSingletons(DefaultListableBeanFactory.java:760)
[00:46:34] [main/WARN]: 	at org.springframework.context.support.AbstractApplicationContext.finishBeanFactoryInitialization(AbstractApplicationContext.java:869)
[00:46:34] [main/WARN]: 	at org.springframework.context.support.AbstractApplicationContext.refresh(AbstractApplicationContext.java:550)
[00:46:34] [main/WARN]: 	at org.springframework.context.annotation.AnnotationConfigApplicationContext.<init>(AnnotationConfigApplicationContext.java:88)
[00:46:34] [main/WARN]: 	at net.mcavenue.redspigot.RedSpigot.main(RedSpigot.java:18)
[00:46:34] [main/INFO]: Starting minecraft server version 1.12.2
[00:46:34] [main/INFO]: Loading properties
[00:46:34] [main/INFO]: Application context: C:\Users\Redmancometh\minecraft\BloomParent\Spigot\Spigot-Server
[00:46:34] [main/INFO]: Not R
[00:46:34] [main/INFO]: End of not R
[00:46:34] [main/INFO]: Line 118
[00:46:34] [main/INFO]: TEST
[00:46:34] [main/INFO]: Default game type: SURVIVAL
[00:46:34] [main/INFO]: Server Ping Player Sample Count: 12
[00:46:34] [main/INFO]: MCS: false
[00:46:34] [main/INFO]: MCSS: false
[00:46:34] [main/INFO]: MCS: false
[00:46:34] [main/INFO]: MCSS: false
[00:46:34] [main/INFO]: MCS: false
[00:46:34] [main/INFO]: MCSS: false
[00:46:34] [main/INFO]: Generating keypair
[00:46:34] [main/INFO]: Starting Minecraft server on *:25565
[00:46:34] [main/INFO]: Line 162
[00:46:34] [main/INFO]: About to call an() a
[00:46:34] [main/INFO]: Using default channel type
[00:46:35] [main/INFO]: Finished an.a
[00:46:35] [main/INFO]: Preparing level "world"
[00:46:35] [main/INFO]: Plist: false
[00:46:35] [main/INFO]: Plist: false
[00:46:35] [main/INFO]: Plist: false
[00:46:35] [main/INFO]: Preparing start region for level 0 (Seed: 6798676197357855542)
[00:46:36] [main/INFO]: Preparing start region for level 1 (Seed: 6798676197357855542)
[00:46:37] [main/INFO]: Preparing start region for level 2 (Seed: 6798676197357855542)
[00:46:37] [main/INFO]: Done (2.315s)! For help, type "help" or "?"
[00:46:37] [main/INFO]: Context setup complete...Redspigot is now starting...
[00:46:37] [main/INFO]: GETTING COLOURED CONSOLE SENDER
[00:46:37] [main/INFO]: Converter: false
[00:46:37] [main/INFO]: INITIALIZING CONFIG: spring.json
[00:46:37] [main/INFO]: CLASS: class net.mcavenue.redspigot.configuration.pojo.SpringConfig
[00:46:37] [main/INFO]: 1
[00:46:37] [main/INFO]: false
[00:46:37] [main/INFO]: 1
