[01:41:31] [main/INFO]: Refreshing org.springframework.context.annotation.AnnotationConfigApplicationContext@3b6ddd1d: startup date [Mon Jun 18 01:41:31 CDT 2018]; root of context hierarchy
[01:41:31] [main/INFO]: Loaded JDBC driver: com.mysql.jdbc.Driver
[01:41:31] [main/INFO]: Building JPA container EntityManagerFactory for persistence unit 'default'
[01:41:31] [main/INFO]: HHH000204: Processing PersistenceUnitInfo [
	name: default
	...]
[01:41:31] [main/INFO]: HHH000412: Hibernate Core {5.3.1.Final}
[01:41:31] [main/INFO]: HHH000206: hibernate.properties not found
[01:41:31] [main/INFO]: HCANN000001: Hibernate Commons Annotations {5.0.3.Final}
[01:41:32] [main/INFO]: HHH000400: Using dialect: org.hibernate.dialect.SQLServerDialect
[01:41:33] [main/INFO]: Initialized JPA EntityManagerFactory for persistence unit 'default'
[01:41:34] [main/INFO]: [STDOUT]: Post construct permissions controller
[01:41:34] [main/INFO]: [STDOUT]: CMD: false
[01:41:34] [main/INFO]: [STDOUT]: INIT CS
[01:41:34] [main/INFO]: [STDOUT]: INIT NMS
[01:41:34] [main/WARN]: java.lang.Throwable
[01:41:34] [main/WARN]: 	at net.minecraft.server.DedicatedServer.init(DedicatedServer.java:103)
[01:41:34] [main/WARN]: 	at net.mcavenue.redspigot.controllers.ServerController.start(ServerController.java:37)
[01:41:34] [main/WARN]: 	at sun.reflect.NativeMethodAccessorImpl.invoke0(Native Method)
[01:41:34] [main/WARN]: 	at sun.reflect.NativeMethodAccessorImpl.invoke(NativeMethodAccessorImpl.java:62)
[01:41:34] [main/WARN]: 	at sun.reflect.DelegatingMethodAccessorImpl.invoke(DelegatingMethodAccessorImpl.java:43)
[01:41:34] [main/WARN]: 	at java.lang.reflect.Method.invoke(Method.java:498)
[01:41:34] [main/WARN]: 	at org.springframework.beans.factory.annotation.InitDestroyAnnotationBeanPostProcessor$LifecycleElement.invoke(InitDestroyAnnotationBeanPostProcessor.java:365)
[01:41:34] [main/WARN]: 	at org.springframework.beans.factory.annotation.InitDestroyAnnotationBeanPostProcessor$LifecycleMetadata.invokeInitMethods(InitDestroyAnnotationBeanPostProcessor.java:308)
[01:41:34] [main/WARN]: 	at org.springframework.beans.factory.annotation.InitDestroyAnnotationBeanPostProcessor.postProcessBeforeInitialization(InitDestroyAnnotationBeanPostProcessor.java:135)
[01:41:34] [main/WARN]: 	at org.springframework.beans.factory.support.AbstractAutowireCapableBeanFactory.applyBeanPostProcessorsBeforeInitialization(AbstractAutowireCapableBeanFactory.java:422)
[01:41:34] [main/WARN]: 	at org.springframework.beans.factory.support.AbstractAutowireCapableBeanFactory.initializeBean(AbstractAutowireCapableBeanFactory.java:1698)
[01:41:34] [main/WARN]: 	at org.springframework.beans.factory.support.AbstractAutowireCapableBeanFactory.doCreateBean(AbstractAutowireCapableBeanFactory.java:579)
[01:41:34] [main/WARN]: 	at org.springframework.beans.factory.support.AbstractAutowireCapableBeanFactory.createBean(AbstractAutowireCapableBeanFactory.java:501)
[01:41:34] [main/WARN]: 	at org.springframework.beans.factory.support.AbstractBeanFactory.lambda$doGetBean$0(AbstractBeanFactory.java:317)
[01:41:34] [main/WARN]: 	at org.springframework.beans.factory.support.DefaultSingletonBeanRegistry.getSingleton(DefaultSingletonBeanRegistry.java:228)
[01:41:34] [main/WARN]: 	at org.springframework.beans.factory.support.AbstractBeanFactory.doGetBean(AbstractBeanFactory.java:315)
[01:41:34] [main/WARN]: 	at org.springframework.beans.factory.support.AbstractBeanFactory.getBean(AbstractBeanFactory.java:199)
[01:41:34] [main/WARN]: 	at org.springframework.beans.factory.support.DefaultListableBeanFactory.preInstantiateSingletons(DefaultListableBeanFactory.java:760)
[01:41:34] [main/WARN]: 	at org.springframework.context.support.AbstractApplicationContext.finishBeanFactoryInitialization(AbstractApplicationContext.java:869)
[01:41:34] [main/WARN]: 	at org.springframework.context.support.AbstractApplicationContext.refresh(AbstractApplicationContext.java:550)
[01:41:34] [main/WARN]: 	at org.springframework.context.annotation.AnnotationConfigApplicationContext.<init>(AnnotationConfigApplicationContext.java:88)
[01:41:34] [main/WARN]: 	at net.mcavenue.redspigot.RedSpigot.main(RedSpigot.java:18)
[01:41:34] [main/INFO]: Starting minecraft server version 1.12.2
[01:41:34] [main/INFO]: Loading properties
[01:41:34] [main/INFO]: Application context: C:\Users\Redmancometh\minecraft\BloomParent\Spigot\Spigot-Server
[01:41:34] [main/INFO]: Not R
[01:41:34] [main/INFO]: End of not R
[01:41:34] [main/INFO]: Line 118
[01:41:34] [main/INFO]: TEST
[01:41:34] [main/INFO]: Default game type: SURVIVAL
[01:41:34] [main/INFO]: Server Ping Player Sample Count: 12
[01:41:34] [main/INFO]: MCS: false
[01:41:34] [main/INFO]: MCSS: false
[01:41:34] [main/INFO]: MCS: false
[01:41:34] [main/INFO]: MCSS: false
[01:41:34] [main/INFO]: MCS: false
[01:41:34] [main/INFO]: MCSS: false
[01:41:34] [main/INFO]: Generating keypair
[01:41:34] [main/INFO]: Starting Minecraft server on *:25565
[01:41:34] [main/INFO]: Line 162
[01:41:34] [main/INFO]: About to call an() a
[01:41:34] [main/INFO]: Using default channel type
[01:41:35] [main/INFO]: Finished an.a
[01:41:35] [main/INFO]: Preparing level "world"
[01:41:35] [main/INFO]: Plist: false
[01:41:35] [main/INFO]: Plist: false
[01:41:36] [main/INFO]: Plist: false
[01:41:36] [main/INFO]: Preparing start region for level 0 (Seed: 6798676197357855542)
[01:41:37] [main/INFO]: Preparing spawn area: 81%
[01:41:37] [main/INFO]: Preparing start region for level 1 (Seed: 6798676197357855542)
[01:41:37] [main/INFO]: Preparing start region for level 2 (Seed: 6798676197357855542)
[01:41:37] [main/INFO]: Done (2.731s)! For help, type "help" or "?"
[01:41:37] [main/INFO]: Context setup complete...Redspigot is now starting...
[01:41:37] [main/INFO]: GETTING COLOURED CONSOLE SENDER
[01:41:37] [main/INFO]: Converter: false
[01:41:38] [main/INFO]: INITIALIZING CONFIG: spring.json
[01:41:38] [main/INFO]: CLASS: class net.mcavenue.redspigot.configuration.pojo.SpringConfig
[01:41:38] [main/INFO]: 1
[01:41:38] [main/INFO]: false
[01:41:38] [main/INFO]: 1
