[20:14:24] [main/INFO]: Refreshing org.springframework.context.annotation.AnnotationConfigApplicationContext@6283d8b8: startup date [Sun Jun 17 20:14:24 CDT 2018]; root of context hierarchy
[20:14:25] [main/INFO]: Loaded JDBC driver: com.mysql.jdbc.Driver
[20:14:25] [main/INFO]: Building JPA container EntityManagerFactory for persistence unit 'default'
[20:14:25] [main/INFO]: HHH000204: Processing PersistenceUnitInfo [
	name: default
	...]
[20:14:25] [main/INFO]: HHH000412: Hibernate Core {5.3.1.Final}
[20:14:25] [main/INFO]: HHH000206: hibernate.properties not found
[20:14:25] [main/INFO]: HCANN000001: Hibernate Commons Annotations {5.0.3.Final}
[20:14:26] [main/INFO]: HHH000400: Using dialect: org.hibernate.dialect.SQLServerDialect
[20:14:26] [main/INFO]: Initialized JPA EntityManagerFactory for persistence unit 'default'
[20:14:28] [main/INFO]: [STDOUT]: Post construct permissions controller
[20:14:28] [main/WARN]: Exception encountered during context initialization - cancelling refresh attempt: org.springframework.beans.factory.BeanCreationException: Error creating bean with name 'serverController' defined in file [C:\Users\Redmancometh\minecraft\BloomParent\Spigot\Spigot-Server\target\classes\net\mcavenue\redspigot\controllers\ServerController.class]: Post-processing of merged bean definition failed; nested exception is java.lang.IllegalStateException: Lifecycle method annotation requires a no-arg method: public void net.mcavenue.redspigot.controllers.ServerController.start(net.minecraft.server.PlayerList)
[20:14:28] [main/INFO]: Closing JPA EntityManagerFactory for persistence unit 'default'
[20:14:28] [main/INFO]: [STDERR]: org.springframework.beans.factory.BeanCreationException: Error creating bean with name 'serverController' defined in file [C:\Users\Redmancometh\minecraft\BloomParent\Spigot\Spigot-Server\target\classes\net\mcavenue\redspigot\controllers\ServerController.class]: Post-processing of merged bean definition failed; nested exception is java.lang.IllegalStateException: Lifecycle method annotation requires a no-arg method: public void net.mcavenue.redspigot.controllers.ServerController.start(net.minecraft.server.PlayerList)
[20:14:28] [main/INFO]: [STDERR]: 	at org.springframework.beans.factory.support.AbstractAutowireCapableBeanFactory.doCreateBean(AbstractAutowireCapableBeanFactory.java:556)
[20:14:28] [main/INFO]: [STDERR]: 	at org.springframework.beans.factory.support.AbstractAutowireCapableBeanFactory.createBean(AbstractAutowireCapableBeanFactory.java:501)
[20:14:28] [main/INFO]: [STDERR]: 	at org.springframework.beans.factory.support.AbstractBeanFactory.lambda$doGetBean$0(AbstractBeanFactory.java:317)
[20:14:28] [main/INFO]: [STDERR]: 	at org.springframework.beans.factory.support.DefaultSingletonBeanRegistry.getSingleton(DefaultSingletonBeanRegistry.java:228)
[20:14:28] [main/INFO]: [STDERR]: 	at org.springframework.beans.factory.support.AbstractBeanFactory.doGetBean(AbstractBeanFactory.java:315)
[20:14:28] [main/INFO]: [STDERR]: 	at org.springframework.beans.factory.support.AbstractBeanFactory.getBean(AbstractBeanFactory.java:199)
[20:14:28] [main/INFO]: [STDERR]: 	at org.springframework.beans.factory.support.DefaultListableBeanFactory.preInstantiateSingletons(DefaultListableBeanFactory.java:760)
[20:14:28] [main/INFO]: [STDERR]: 	at org.springframework.context.support.AbstractApplicationContext.finishBeanFactoryInitialization(AbstractApplicationContext.java:869)
[20:14:28] [main/INFO]: [STDERR]: 	at org.springframework.context.support.AbstractApplicationContext.refresh(AbstractApplicationContext.java:550)
[20:14:28] [main/INFO]: [STDERR]: 	at org.springframework.context.annotation.AnnotationConfigApplicationContext.<init>(AnnotationConfigApplicationContext.java:88)
[20:14:28] [main/INFO]: [STDERR]: 	at net.mcavenue.redspigot.RedSpigot.main(RedSpigot.java:18)
[20:14:28] [main/INFO]: [STDERR]: Caused by: java.lang.IllegalStateException: Lifecycle method annotation requires a no-arg method: public void net.mcavenue.redspigot.controllers.ServerController.start(net.minecraft.server.PlayerList)
[20:14:28] [main/INFO]: [STDERR]: 	at org.springframework.beans.factory.annotation.InitDestroyAnnotationBeanPostProcessor$LifecycleElement.<init>(InitDestroyAnnotationBeanPostProcessor.java:348)
[20:14:28] [main/INFO]: [STDERR]: 	at org.springframework.beans.factory.annotation.InitDestroyAnnotationBeanPostProcessor.lambda$buildLifecycleMetadata$0(InitDestroyAnnotationBeanPostProcessor.java:209)
[20:14:28] [main/INFO]: [STDERR]: 	at org.springframework.util.ReflectionUtils.doWithLocalMethods(ReflectionUtils.java:522)
[20:14:28] [main/INFO]: [STDERR]: 	at org.springframework.beans.factory.annotation.InitDestroyAnnotationBeanPostProcessor.buildLifecycleMetadata(InitDestroyAnnotationBeanPostProcessor.java:207)
[20:14:28] [main/INFO]: [STDERR]: 	at org.springframework.beans.factory.annotation.InitDestroyAnnotationBeanPostProcessor.findLifecycleMetadata(InitDestroyAnnotationBeanPostProcessor.java:188)
[20:14:28] [main/INFO]: [STDERR]: 	at org.springframework.beans.factory.annotation.InitDestroyAnnotationBeanPostProcessor.postProcessMergedBeanDefinition(InitDestroyAnnotationBeanPostProcessor.java:127)
[20:14:28] [main/INFO]: [STDERR]: 	at org.springframework.context.annotation.CommonAnnotationBeanPostProcessor.postProcessMergedBeanDefinition(CommonAnnotationBeanPostProcessor.java:297)
[20:14:28] [main/INFO]: [STDERR]: 	at org.springframework.beans.factory.support.AbstractAutowireCapableBeanFactory.applyMergedBeanDefinitionPostProcessors(AbstractAutowireCapableBeanFactory.java:1020)
[20:14:28] [main/INFO]: [STDERR]: 	at org.springframework.beans.factory.support.AbstractAutowireCapableBeanFactory.doCreateBean(AbstractAutowireCapableBeanFactory.java:553)
[20:14:28] [main/INFO]: [STDERR]: 	... 10 more
[20:14:28] [Thread-2/INFO]: Stopping server
