[21:19:51] [main/INFO]: Refreshing org.springframework.context.annotation.AnnotationConfigApplicationContext@3b6ddd1d: startup date [Sun Jun 17 21:19:51 CDT 2018]; root of context hierarchy
[21:19:51] [main/INFO]: Loaded JDBC driver: com.mysql.jdbc.Driver
[21:19:51] [main/INFO]: Building JPA container EntityManagerFactory for persistence unit 'default'
[21:19:52] [main/INFO]: HHH000204: Processing PersistenceUnitInfo [
	name: default
	...]
[21:19:52] [main/INFO]: HHH000412: Hibernate Core {5.3.1.Final}
[21:19:52] [main/INFO]: HHH000206: hibernate.properties not found
[21:19:52] [main/INFO]: HCANN000001: Hibernate Commons Annotations {5.0.3.Final}
[21:19:52] [main/INFO]: HHH000400: Using dialect: org.hibernate.dialect.SQLServerDialect
[21:19:53] [main/INFO]: Initialized JPA EntityManagerFactory for persistence unit 'default'
[21:19:55] [main/INFO]: [STDOUT]: Post construct permissions controller
[21:19:55] [main/INFO]: [STDOUT]: INIT CS
[21:19:55] [main/INFO]: [STDOUT]: INIT NMS
[21:19:55] [main/INFO]: Starting minecraft server version 1.12.2
[21:19:55] [main/INFO]: Loading properties
[21:19:55] [main/INFO]: Application context: C:\Users\Redmancometh\minecraft\BloomParent\Spigot\Spigot-Server
[21:19:55] [main/INFO]: Default game type: SURVIVAL
[21:19:55] [main/INFO]: Debug logging is disabled
[21:19:55] [main/INFO]: Server Ping Player Sample Count: 12
[21:19:55] [main/INFO]: Using 4 threads for Netty based IO
[21:19:55] [main/INFO]: MCS: false
[21:19:55] [main/INFO]: MCSS: true
[21:19:55] [main/WARN]: Exception encountered during context initialization - cancelling refresh attempt: org.springframework.beans.factory.BeanCreationException: Error creating bean with name 'serverController': Invocation of init method failed; nested exception is java.lang.NullPointerException
[21:19:55] [main/INFO]: Closing JPA EntityManagerFactory for persistence unit 'default'
[21:19:55] [main/WARN]: Exception in thread "main" 
[21:19:55] [main/WARN]: org.springframework.beans.factory.BeanCreationException: Error creating bean with name 'serverController': Invocation of init method failed; nested exception is java.lang.NullPointerException
[21:19:55] [main/WARN]: 	at org.springframework.beans.factory.annotation.InitDestroyAnnotationBeanPostProcessor.postProcessBeforeInitialization(InitDestroyAnnotationBeanPostProcessor.java:138)
[21:19:55] [main/WARN]: 	at org.springframework.beans.factory.support.AbstractAutowireCapableBeanFactory.applyBeanPostProcessorsBeforeInitialization(AbstractAutowireCapableBeanFactory.java:422)
[21:19:55] [main/WARN]: 	at org.springframework.beans.factory.support.AbstractAutowireCapableBeanFactory.initializeBean(AbstractAutowireCapableBeanFactory.java:1698)
[21:19:55] [main/WARN]: 	at org.springframework.beans.factory.support.AbstractAutowireCapableBeanFactory.doCreateBean(AbstractAutowireCapableBeanFactory.java:579)
[21:19:55] [main/WARN]: 	at org.springframework.beans.factory.support.AbstractAutowireCapableBeanFactory.createBean(AbstractAutowireCapableBeanFactory.java:501)
[21:19:55] [main/WARN]: 	at org.springframework.beans.factory.support.AbstractBeanFactory.lambda$doGetBean$0(AbstractBeanFactory.java:317)
[21:19:55] [main/WARN]: 	at org.springframework.beans.factory.support.DefaultSingletonBeanRegistry.getSingleton(DefaultSingletonBeanRegistry.java:228)
[21:19:55] [main/WARN]: 	at org.springframework.beans.factory.support.AbstractBeanFactory.doGetBean(AbstractBeanFactory.java:315)
[21:19:55] [main/WARN]: 	at org.springframework.beans.factory.support.AbstractBeanFactory.getBean(AbstractBeanFactory.java:199)
[21:19:55] [main/WARN]: 	at org.springframework.beans.factory.support.DefaultListableBeanFactory.preInstantiateSingletons(DefaultListableBeanFactory.java:760)
[21:19:55] [main/WARN]: 	at org.springframework.context.support.AbstractApplicationContext.finishBeanFactoryInitialization(AbstractApplicationContext.java:869)
[21:19:55] [main/WARN]: 	at org.springframework.context.support.AbstractApplicationContext.refresh(AbstractApplicationContext.java:550)
[21:19:55] [main/WARN]: 	at org.springframework.context.annotation.AnnotationConfigApplicationContext.<init>(AnnotationConfigApplicationContext.java:88)
[21:19:55] [main/WARN]: 	at net.mcavenue.redspigot.RedSpigot.main(RedSpigot.java:18)
[21:19:55] [main/WARN]: Caused by: java.lang.NullPointerException
[21:19:55] [main/WARN]: 	at org.spigotmc.SpigotConfig.registerCommands(SpigotConfig.java:79)
[21:19:55] [main/WARN]: 	at net.minecraft.server.DedicatedServer.init(DedicatedServer.java:152)
[21:19:55] [main/WARN]: 	at net.mcavenue.redspigot.controllers.ServerController.start(ServerController.java:35)
[21:19:55] [main/WARN]: 	at sun.reflect.NativeMethodAccessorImpl.invoke0(Native Method)
[21:19:55] [main/WARN]: 	at sun.reflect.NativeMethodAccessorImpl.invoke(NativeMethodAccessorImpl.java:62)
[21:19:55] [main/WARN]: 	at sun.reflect.DelegatingMethodAccessorImpl.invoke(DelegatingMethodAccessorImpl.java:43)
[21:19:55] [main/WARN]: 	at java.lang.reflect.Method.invoke(Method.java:498)
[21:19:55] [main/WARN]: 	at org.springframework.beans.factory.annotation.InitDestroyAnnotationBeanPostProcessor$LifecycleElement.invoke(InitDestroyAnnotationBeanPostProcessor.java:365)
[21:19:55] [main/WARN]: 	at org.springframework.beans.factory.annotation.InitDestroyAnnotationBeanPostProcessor$LifecycleMetadata.invokeInitMethods(InitDestroyAnnotationBeanPostProcessor.java:308)
[21:19:55] [main/WARN]: 	at org.springframework.beans.factory.annotation.InitDestroyAnnotationBeanPostProcessor.postProcessBeforeInitialization(InitDestroyAnnotationBeanPostProcessor.java:135)
[21:19:55] [main/WARN]: 	... 13 more
