[18:22:50] [main/INFO]: Refreshing org.springframework.context.annotation.AnnotationConfigApplicationContext@611889f4: startup date [Wed Jun 20 18:22:50 CDT 2018]; root of context hierarchy
[18:22:51] [main/INFO]: Loaded JDBC driver: com.mysql.jdbc.Driver
[18:22:51] [main/INFO]: Building JPA container EntityManagerFactory for persistence unit 'default'
[18:22:51] [main/INFO]: HHH000204: Processing PersistenceUnitInfo [
	name: default
	...]
[18:22:51] [main/INFO]: HHH000412: Hibernate Core {5.3.1.Final}
[18:22:51] [main/INFO]: HHH000206: hibernate.properties not found
[18:22:51] [main/INFO]: HCANN000001: Hibernate Commons Annotations {5.0.3.Final}
[18:22:51] [main/INFO]: HHH000400: Using dialect: org.hibernate.dialect.SQLServerDialect
[18:22:52] [main/INFO]: Initialized JPA EntityManagerFactory for persistence unit 'default'
[18:22:53] [main/INFO]: [STDOUT]: HB FILE: C:\Users\Redmancometh\minecraft\Spigot\Spigot-Server\db\permissions\hibernate.cfg.xml
[18:22:53] [main/WARN]: HHH90000012: Recognized obsolete hibernate namespace http://hibernate.sourceforge.net/hibernate-configuration. Use namespace http://www.hibernate.org/dtd/hibernate-configuration instead.  Support for obsolete DTD/XSD namespaces may be removed at any time.
[18:22:54] [main/INFO]: HHH000130: Instantiating explicit connection provider: com.zaxxer.hikari.hibernate.HikariConnectionProvider
[18:22:54] [main/INFO]: HHH000400: Using dialect: org.hibernate.dialect.MySQL55Dialect
[18:22:54] [main/INFO]: HHH000476: Executing import script 'org.hibernate.tool.schema.internal.exec.ScriptSourceInputNonExistentImpl@8c18bde'
[18:22:54] [main/INFO]: [STDOUT]: GETTING PLAYER
[18:22:54] [main/INFO]: [STDOUT]: RESULT IS NULL
[18:22:54] [pool-3-thread-1/INFO]: [STDOUT]: RESULT IS NULL
[18:22:54] [main/INFO]: [STDOUT]: RP RECORD
[18:22:54] [main/INFO]: [STDOUT]: INIT CS
[18:22:54] [main/INFO]: [STDOUT]: INIT NMS
[18:22:54] [main/INFO]: Application context: C:\Users\Redmancometh\minecraft\Spigot\Spigot-Server
[18:22:54] [main/INFO]: Not R
[18:22:54] [main/INFO]: End of not R
[18:22:54] [main/INFO]: Line 118
[18:22:54] [main/INFO]: Server Ping Player Sample Count: 12
[18:22:54] [main/INFO]: MCS: false
[18:22:54] [main/INFO]: MCSS: false
[18:22:54] [main/INFO]: MCS: false
[18:22:54] [main/INFO]: MCSS: false
[18:22:54] [main/INFO]: MCS: false
[18:22:54] [main/INFO]: MCSS: false
[18:22:54] [main/INFO]: Line 162
[18:22:54] [main/INFO]: About to call an() a
[18:22:54] [main/INFO]: Using default channel type
[18:22:54] [main/INFO]: Finished an.a
[18:22:55] [main/INFO]: Plist: false
[18:22:55] [main/INFO]: Plist: false
[18:22:55] [main/INFO]: Plist: false
[18:22:55] [main/INFO]: Preparing start region for level 0 (Seed: 6798676197357855542)
[18:22:56] [main/INFO]: Preparing spawn area: 86%
[18:22:56] [main/INFO]: Preparing start region for level 1 (Seed: 6798676197357855542)
[18:22:56] [main/INFO]: Preparing start region for level 2 (Seed: 6798676197357855542)
[18:22:56] [main/INFO]: Context setup complete...Redspigot is now starting...
[18:22:56] [main/INFO]: GETTING COLOURED CONSOLE SENDER
[18:22:56] [main/INFO]: Converter: false
[18:22:57] [main/INFO]: INITIALIZING CONFIG: spring.json
[18:22:57] [main/INFO]: CLASS: class net.mcavenue.redspigot.configuration.pojo.SpringConfig
[18:22:57] [main/INFO]: 1
[18:22:57] [main/INFO]: false
[18:22:57] [main/INFO]: 1
